============================= test session starts =============================
platform win32 -- Python 3.11.9, pytest-9.0.2, pluggy-1.6.0 -- D:\Project\Doctor-Scheduling-System\backend\.venv\Scripts\python.exe
cachedir: .pytest_cache
rootdir: D:\Project\Doctor-Scheduling-System\backend
plugins: anyio-4.12.0
collecting ... collected 3 items

tests/test_auth.py::test_create_user PASSED                              [ 33%]
tests/test_auth.py::test_login PASSED                                    [ 66%]
tests/test_auth.py::test_login_wrong_password PASSED                     [100%]

============================== warnings summary ===============================
.venv\Lib\site-packages\pydantic\_internal\_config.py:271
.venv\Lib\site-packages\pydantic\_internal\_config.py:271
.venv\Lib\site-packages\pydantic\_internal\_config.py:271
.venv\Lib\site-packages\pydantic\_internal\_config.py:271
.venv\Lib\site-packages\pydantic\_internal\_config.py:271
  D:\Project\Doctor-Scheduling-System\backend\.venv\Lib\site-packages\pydantic\_internal\_config.py:271: PydanticDeprecatedSince20: Support for class-based `config` is deprecated, use ConfigDict instead. Deprecated in Pydantic V2.0 to be removed in V3.0. See Pydantic V2 Migration Guide at https://errors.pydantic.dev/2.5/migration/
    warnings.warn(DEPRECATION_MESSAGE, DeprecationWarning)

tests/test_auth.py::test_create_user
tests/test_auth.py::test_login
tests/test_auth.py::test_login_wrong_password
  D:\Project\Doctor-Scheduling-System\backend\.venv\Lib\site-packages\httpx\_client.py:680: DeprecationWarning: The 'app' shortcut is now deprecated. Use the explicit style 'transport=WSGITransport(app=...)' instead.
    warnings.warn(message, DeprecationWarning)

-- Docs: https://docs.pytest.org/en/stable/how-to/capture-warnings.html
======================== 3 passed, 8 warnings in 0.30s ========================
============================= test session starts =============================
platform win32 -- Python 3.11.9, pytest-9.0.2, pluggy-1.6.0 -- D:\Project\Doctor-Scheduling-System\backend\.venv\Scripts\python.exe
cachedir: .pytest_cache
rootdir: D:\Project\Doctor-Scheduling-System\backend
plugins: anyio-4.12.0
collecting ... collected 2 items

tests/test_schedules.py::test_generate_schedule_permission PASSED        [ 50%]
tests/test_schedules.py::test_create_trade_flow PASSED                   [100%]

============================== warnings summary ===============================
.venv\Lib\site-packages\pydantic\_internal\_config.py:271
.venv\Lib\site-packages\pydantic\_internal\_config.py:271
.venv\Lib\site-packages\pydantic\_internal\_config.py:271
.venv\Lib\site-packages\pydantic\_internal\_config.py:271
.venv\Lib\site-packages\pydantic\_internal\_config.py:271
  D:\Project\Doctor-Scheduling-System\backend\.venv\Lib\site-packages\pydantic\_internal\_config.py:271: PydanticDeprecatedSince20: Support for class-based `config` is deprecated, use ConfigDict instead. Deprecated in Pydantic V2.0 to be removed in V3.0. See Pydantic V2 Migration Guide at https://errors.pydantic.dev/2.5/migration/
    warnings.warn(DEPRECATION_MESSAGE, DeprecationWarning)

tests/test_schedules.py::test_generate_schedule_permission
tests/test_schedules.py::test_create_trade_flow
  D:\Project\Doctor-Scheduling-System\backend\.venv\Lib\site-packages\httpx\_client.py:680: DeprecationWarning: The 'app' shortcut is now deprecated. Use the explicit style 'transport=WSGITransport(app=...)' instead.
    warnings.warn(message, DeprecationWarning)

-- Docs: https://docs.pytest.org/en/stable/how-to/capture-warnings.html
======================== 2 passed, 7 warnings in 0.26s ========================
=== AUTH TESTS ===

=== SCHEDULE TESTS ===
